        -:    0:Source:C:/Users/theql/AppData/Local/JetBrains/Toolbox/apps/CLion/ch-0/232.9921.42/bin/mingw/lib/gcc/x86_64-w64-mingw32/13.1.0/include/c++/bits/allocator.h
        -:    0:Graph:D:\programming\projects\cpp-labs\lab1\cmake-build-debug-coverage\_deps\googletest-build\googletest\CMakeFiles\gtest.dir\src\gtest-all.cc.gcno
        -:    0:Data:D:\programming\projects\cpp-labs\lab1\cmake-build-debug-coverage\_deps\googletest-build\googletest\CMakeFiles\gtest.dir\src\gtest-all.cc.gcda
        -:    0:Runs:1
        -:    1:// Allocators -*- C++ -*-
        -:    2:
        -:    3:// Copyright (C) 2001-2023 Free Software Foundation, Inc.
        -:    4://
        -:    5:// This file is part of the GNU ISO C++ Library.  This library is free
        -:    6:// software; you can redistribute it and/or modify it under the
        -:    7:// terms of the GNU General Public License as published by the
        -:    8:// Free Software Foundation; either version 3, or (at your option)
        -:    9:// any later version.
        -:   10:
        -:   11:// This library is distributed in the hope that it will be useful,
        -:   12:// but WITHOUT ANY WARRANTY; without even the implied warranty of
        -:   13:// MERCHANTABILITY or FITNESS FOR A PARTICULAR PURPOSE.  See the
        -:   14:// GNU General Public License for more details.
        -:   15:
        -:   16:// Under Section 7 of GPL version 3, you are granted additional
        -:   17:// permissions described in the GCC Runtime Library Exception, version
        -:   18:// 3.1, as published by the Free Software Foundation.
        -:   19:
        -:   20:// You should have received a copy of the GNU General Public License and
        -:   21:// a copy of the GCC Runtime Library Exception along with this program;
        -:   22:// see the files COPYING3 and COPYING.RUNTIME respectively.  If not, see
        -:   23:// <http://www.gnu.org/licenses/>.
        -:   24:
        -:   25:/*
        -:   26: * Copyright (c) 1996-1997
        -:   27: * Silicon Graphics Computer Systems, Inc.
        -:   28: *
        -:   29: * Permission to use, copy, modify, distribute and sell this software
        -:   30: * and its documentation for any purpose is hereby granted without fee,
        -:   31: * provided that the above copyright notice appear in all copies and
        -:   32: * that both that copyright notice and this permission notice appear
        -:   33: * in supporting documentation.  Silicon Graphics makes no
        -:   34: * representations about the suitability of this software for any
        -:   35: * purpose.  It is provided "as is" without express or implied warranty.
        -:   36: */
        -:   37:
        -:   38:/** @file bits/allocator.h
        -:   39: *  This is an internal header file, included by other library headers.
        -:   40: *  Do not attempt to use it directly. @headername{memory}
        -:   41: */
        -:   42:
        -:   43:#ifndef _ALLOCATOR_H
        -:   44:#define _ALLOCATOR_H 1
        -:   45:
        -:   46:#include <bits/c++allocator.h> // Define the base class to std::allocator.
        -:   47:#include <bits/memoryfwd.h>
        -:   48:#if __cplusplus >= 201103L
        -:   49:#include <type_traits>
        -:   50:#endif
        -:   51:
        -:   52:#define __cpp_lib_incomplete_container_elements 201505L
        -:   53:
        -:   54:namespace std _GLIBCXX_VISIBILITY(default)
        -:   55:{
        -:   56:_GLIBCXX_BEGIN_NAMESPACE_VERSION
        -:   57:
        -:   58:  /**
        -:   59:   *  @addtogroup allocators
        -:   60:   *  @{
        -:   61:   */
        -:   62:
        -:   63:  // Since C++20 the primary template should be used for allocator<void>,
        -:   64:  // but then it would have a non-trivial default ctor and dtor for C++20,
        -:   65:  // but trivial for C++98-17, which would be an ABI incompatibility between
        -:   66:  // different standard dialects. So C++20 still uses the allocator<void>
        -:   67:  // explicit specialization, with the historical ABI properties, but with
        -:   68:  // the same members that are present in the primary template.
        -:   69:
        -:   70:  /** std::allocator<void> specialization.
        -:   71:   *
        -:   72:   * @headerfile memory
        -:   73:   */
        -:   74:  template<>
        -:   75:    class allocator<void>
        -:   76:    {
        -:   77:    public:
        -:   78:      typedef void        value_type;
        -:   79:      typedef size_t      size_type;
        -:   80:      typedef ptrdiff_t   difference_type;
        -:   81:
        -:   82:#if __cplusplus <= 201703L
        -:   83:      // These were removed for C++20, allocator_traits does the right thing.
        -:   84:      typedef void*       pointer;
        -:   85:      typedef const void* const_pointer;
        -:   86:
        -:   87:      template<typename _Tp1>
        -:   88:	struct rebind
        -:   89:	{ typedef allocator<_Tp1> other; };
        -:   90:#endif
        -:   91:
        -:   92:#if __cplusplus >= 201103L
        -:   93:      // _GLIBCXX_RESOLVE_LIB_DEFECTS
        -:   94:      // 2103. std::allocator propagate_on_container_move_assignment
        -:   95:      using propagate_on_container_move_assignment = true_type;
        -:   96:
        -:   97:      using is_always_equal
        -:   98:	_GLIBCXX20_DEPRECATED_SUGGEST("std::allocator_traits::is_always_equal")
        -:   99:	= true_type;
        -:  100:
        -:  101:#if __cplusplus >= 202002L
        -:  102:      // As noted above, these members are present for C++20 to provide the
        -:  103:      // same API as the primary template, but still trivial as in pre-C++20.
        -:  104:      allocator() = default;
        -:  105:      ~allocator() = default;
        -:  106:
        -:  107:      template<typename _Up>
        -:  108:	__attribute__((__always_inline__))
        -:  109:	constexpr
        -:  110:	allocator(const allocator<_Up>&) noexcept { }
        -:  111:
        -:  112:      // No allocate member because it's ill-formed by LWG 3307.
        -:  113:      // No deallocate member because it would be undefined to call it
        -:  114:      // with any pointer which wasn't obtained from allocate.
        -:  115:#endif // C++20
        -:  116:#endif // C++11
        -:  117:    };
        -:  118:
        -:  119:  /**
        -:  120:   * @brief  The @a standard allocator, as per C++03 [20.4.1].
        -:  121:   *
        -:  122:   *  See https://gcc.gnu.org/onlinedocs/libstdc++/manual/memory.html#std.util.memory.allocator
        -:  123:   *  for further details.
        -:  124:   *
        -:  125:   *  @tparam  _Tp  Type of allocated object.
        -:  126:   *
        -:  127:   *  @headerfile memory
        -:  128:   */
        -:  129:  template<typename _Tp>
        -:  130:    class allocator : public __allocator_base<_Tp>
        -:  131:    {
        -:  132:    public:
        -:  133:      typedef _Tp        value_type;
        -:  134:      typedef size_t     size_type;
        -:  135:      typedef ptrdiff_t  difference_type;
        -:  136:
        -:  137:#if __cplusplus <= 201703L
        -:  138:      // These were removed for C++20.
        -:  139:      typedef _Tp*       pointer;
        -:  140:      typedef const _Tp* const_pointer;
        -:  141:      typedef _Tp&       reference;
        -:  142:      typedef const _Tp& const_reference;
        -:  143:
        -:  144:      template<typename _Tp1>
        -:  145:	struct rebind
        -:  146:	{ typedef allocator<_Tp1> other; };
        -:  147:#endif
        -:  148:
        -:  149:#if __cplusplus >= 201103L
        -:  150:      // _GLIBCXX_RESOLVE_LIB_DEFECTS
        -:  151:      // 2103. std::allocator propagate_on_container_move_assignment
        -:  152:      using propagate_on_container_move_assignment = true_type;
        -:  153:
        -:  154:      using is_always_equal
        -:  155:	_GLIBCXX20_DEPRECATED_SUGGEST("std::allocator_traits::is_always_equal")
        -:  156:	= true_type;
        -:  157:#endif
        -:  158:
        -:  159:      // _GLIBCXX_RESOLVE_LIB_DEFECTS
        -:  160:      // 3035. std::allocator's constructors should be constexpr
        -:  161:      __attribute__((__always_inline__))
        -:  162:      _GLIBCXX20_CONSTEXPR
     315*:  163:      allocator() _GLIBCXX_NOTHROW { }
        1:  163-block  0
    %%%%%:  163-block  1
        1:  163-block  2
        1:  163-block  3
        1:  163-block  4
        1:  163-block  5
       16:  163-block  6
       15:  163-block  7
    %%%%%:  163-block  8
    %%%%%:  163-block  9
       31:  163-block 10
    %%%%%:  163-block 11
    %%%%%:  163-block 12
    %%%%%:  163-block 13
    %%%%%:  163-block 14
       19:  163-block 15
    %%%%%:  163-block 16
    %%%%%:  163-block 17
        1:  163-block 18
        1:  163-block 19
    %%%%%:  163-block 20
        1:  163-block 21
       58:  163-block 22
        1:  163-block 23
       31:  163-block 24
    %%%%%:  163-block 25
    %%%%%:  163-block 26
    %%%%%:  163-block 27
    %%%%%:  163-block 28
        4:  163-block 29
    %%%%%:  163-block 30
        1:  163-block 31
       15:  163-block 32
       15:  163-block 33
    %%%%%:  163-block 34
       15:  163-block 35
       15:  163-block 36
       15:  163-block 37
        1:  163-block 38
        1:  163-block 39
    %%%%%:  163-block 40
    %%%%%:  163-block 41
    %%%%%:  163-block 42
    %%%%%:  163-block 43
    %%%%%:  163-block 44
    %%%%%:  163-block 45
    %%%%%:  163-block 46
    %%%%%:  163-block 47
    %%%%%:  163-block 48
    %%%%%:  163-block 49
    %%%%%:  163-block 50
    %%%%%:  163-block 51
    %%%%%:  163-block 52
    %%%%%:  163-block 53
    %%%%%:  163-block 54
    %%%%%:  163-block 55
    %%%%%:  163-block 56
    %%%%%:  163-block 57
    %%%%%:  163-block 58
    %%%%%:  163-block 59
    %%%%%:  163-block 60
    %%%%%:  163-block 61
    %%%%%:  163-block 62
    %%%%%:  163-block 63
    %%%%%:  163-block 64
    %%%%%:  163-block 65
    %%%%%:  163-block 66
    %%%%%:  163-block 67
    %%%%%:  163-block 68
    %%%%%:  163-block 69
    %%%%%:  163-block 70
    %%%%%:  163-block 71
    %%%%%:  163-block 72
    %%%%%:  163-block 73
    %%%%%:  163-block 74
    %%%%%:  163-block 75
    %%%%%:  163-block 76
    %%%%%:  163-block 77
    %%%%%:  163-block 78
    %%%%%:  163-block 79
    %%%%%:  163-block 80
    %%%%%:  163-block 81
    %%%%%:  163-block 82
    %%%%%:  163-block 83
    %%%%%:  163-block 84
    %%%%%:  163-block 85
    %%%%%:  163-block 86
    %%%%%:  163-block 87
    %%%%%:  163-block 88
    %%%%%:  163-block 89
    %%%%%:  163-block 90
    %%%%%:  163-block 91
    %%%%%:  163-block 92
    %%%%%:  163-block 93
    %%%%%:  163-block 94
    %%%%%:  163-block 95
    %%%%%:  163-block 96
    %%%%%:  163-block 97
    %%%%%:  163-block 98
    %%%%%:  163-block 99
    %%%%%:  163-block 100
    %%%%%:  163-block 101
    %%%%%:  163-block 102
    %%%%%:  163-block 103
    %%%%%:  163-block 104
    %%%%%:  163-block 105
    %%%%%:  163-block 106
    %%%%%:  163-block 107
    %%%%%:  163-block 108
    %%%%%:  163-block 109
    %%%%%:  163-block 110
    %%%%%:  163-block 111
    %%%%%:  163-block 112
    %%%%%:  163-block 113
    %%%%%:  163-block 114
    %%%%%:  163-block 115
    %%%%%:  163-block 116
    %%%%%:  163-block 117
    %%%%%:  163-block 118
    %%%%%:  163-block 119
    %%%%%:  163-block 120
    %%%%%:  163-block 121
    %%%%%:  163-block 122
    %%%%%:  163-block 123
    %%%%%:  163-block 124
    %%%%%:  163-block 125
    %%%%%:  163-block 126
    %%%%%:  163-block 127
    %%%%%:  163-block 128
    %%%%%:  163-block 129
    %%%%%:  163-block 130
    %%%%%:  163-block 131
    %%%%%:  163-block 132
    %%%%%:  163-block 133
    %%%%%:  163-block 134
    %%%%%:  163-block 135
    %%%%%:  163-block 136
    %%%%%:  163-block 137
    %%%%%:  163-block 138
    %%%%%:  163-block 139
    %%%%%:  163-block 140
    %%%%%:  163-block 141
    %%%%%:  163-block 142
    %%%%%:  163-block 143
    %%%%%:  163-block 144
    %%%%%:  163-block 145
    %%%%%:  163-block 146
    %%%%%:  163-block 147
    %%%%%:  163-block 148
    %%%%%:  163-block 149
    %%%%%:  163-block 150
    %%%%%:  163-block 151
    %%%%%:  163-block 152
    %%%%%:  163-block 153
    %%%%%:  163-block 154
    %%%%%:  163-block 155
    %%%%%:  163-block 156
    %%%%%:  163-block 157
    %%%%%:  163-block 158
    %%%%%:  163-block 159
    %%%%%:  163-block 160
    %%%%%:  163-block 161
    %%%%%:  163-block 162
    %%%%%:  163-block 163
    %%%%%:  163-block 164
    %%%%%:  163-block 165
    %%%%%:  163-block 166
    %%%%%:  163-block 167
    %%%%%:  163-block 168
    %%%%%:  163-block 169
    %%%%%:  163-block 170
    %%%%%:  163-block 171
    %%%%%:  163-block 172
    %%%%%:  163-block 173
    %%%%%:  163-block 174
    %%%%%:  163-block 175
    %%%%%:  163-block 176
    %%%%%:  163-block 177
    %%%%%:  163-block 178
    %%%%%:  163-block 179
    %%%%%:  163-block 180
    %%%%%:  163-block 181
    %%%%%:  163-block 182
    %%%%%:  163-block 183
    %%%%%:  163-block 184
    %%%%%:  163-block 185
    %%%%%:  163-block 186
    %%%%%:  163-block 187
    %%%%%:  163-block 188
    %%%%%:  163-block 189
    %%%%%:  163-block 190
    %%%%%:  163-block 191
    %%%%%:  163-block 192
    %%%%%:  163-block 193
    %%%%%:  163-block 194
    %%%%%:  163-block 195
    %%%%%:  163-block 196
    %%%%%:  163-block 197
    %%%%%:  163-block 198
    %%%%%:  163-block 199
    %%%%%:  163-block 200
    %%%%%:  163-block 201
    %%%%%:  163-block 202
    %%%%%:  163-block 203
    %%%%%:  163-block 204
    %%%%%:  163-block 205
    %%%%%:  163-block 206
    %%%%%:  163-block 207
       15:  163-block 208
    %%%%%:  163-block 209
       15:  163-block 210
       15:  163-block 211
    %%%%%:  163-block 212
    %%%%%:  163-block 213
    %%%%%:  163-block 214
    %%%%%:  163-block 215
    %%%%%:  163-block 216
    %%%%%:  163-block 217
    %%%%%:  163-block 218
    %%%%%:  163-block 219
    %%%%%:  163-block 220
    %%%%%:  163-block 221
    %%%%%:  163-block 222
    %%%%%:  163-block 223
    %%%%%:  163-block 224
    %%%%%:  163-block 225
    %%%%%:  163-block 226
    %%%%%:  163-block 227
    %%%%%:  163-block 228
    %%%%%:  163-block 229
    %%%%%:  163-block 230
    %%%%%:  163-block 231
    %%%%%:  163-block 232
    %%%%%:  163-block 233
        1:  163-block 234
    %%%%%:  163-block 235
    %%%%%:  163-block 236
    %%%%%:  163-block 237
    %%%%%:  163-block 238
    %%%%%:  163-block 239
        1:  163-block 240
    %%%%%:  163-block 241
        1:  163-block 242
    %%%%%:  163-block 243
    %%%%%:  163-block 244
    %%%%%:  163-block 245
    %%%%%:  163-block 246
        1:  163-block 247
    %%%%%:  163-block 248
    %%%%%:  163-block 249
    %%%%%:  163-block 250
    %%%%%:  163-block 251
    %%%%%:  163-block 252
    %%%%%:  163-block 253
    %%%%%:  163-block 254
    %%%%%:  163-block 255
    %%%%%:  163-block 256
        1:  163-block 257
    %%%%%:  163-block 258
    %%%%%:  163-block 259
    %%%%%:  163-block 260
    %%%%%:  163-block 261
    %%%%%:  163-block 262
    %%%%%:  163-block 263
    %%%%%:  163-block 264
    %%%%%:  163-block 265
    %%%%%:  163-block 266
    %%%%%:  163-block 267
    %%%%%:  163-block 268
    %%%%%:  163-block 269
    %%%%%:  163-block 270
    %%%%%:  163-block 271
    %%%%%:  163-block 272
    %%%%%:  163-block 273
        1:  163-block 274
        1:  163-block 275
        1:  163-block 276
    %%%%%:  163-block 277
    %%%%%:  163-block 278
    %%%%%:  163-block 279
    %%%%%:  163-block 280
        1:  163-block 281
        -:  164:
        -:  165:      __attribute__((__always_inline__))
        -:  166:      _GLIBCXX20_CONSTEXPR
        -:  167:      allocator(const allocator& __a) _GLIBCXX_NOTHROW
      24*:  168:      : __allocator_base<_Tp>(__a) { }
    %%%%%:  168-block  0
    %%%%%:  168-block  1
    %%%%%:  168-block  2
    %%%%%:  168-block  3
    %%%%%:  168-block  4
    %%%%%:  168-block  5
        1:  168-block  6
    %%%%%:  168-block  7
        3:  168-block  8
    %%%%%:  168-block  9
    %%%%%:  168-block 10
    %%%%%:  168-block 11
    %%%%%:  168-block 12
        2:  168-block 13
       16:  168-block 14
        2:  168-block 15
        -:  169:
        -:  170:#if __cplusplus >= 201103L
        -:  171:      // Avoid implicit deprecation.
        -:  172:      allocator& operator=(const allocator&) = default;
        -:  173:#endif
        -:  174:
        -:  175:      template<typename _Tp1>
        -:  176:	__attribute__((__always_inline__))
        -:  177:	_GLIBCXX20_CONSTEXPR
    #####:  178:	allocator(const allocator<_Tp1>&) _GLIBCXX_NOTHROW { }
    %%%%%:  178-block  0
    %%%%%:  178-block  1
        -:  179:
        -:  180:      __attribute__((__always_inline__))
        -:  181:#if __cpp_constexpr_dynamic_alloc
        -:  182:      constexpr
        -:  183:#endif
     171*:  184:      ~allocator() _GLIBCXX_NOTHROW { }
call    0 never executed
    $$$$$:  184-block  0
call    1 never executed
    %%%%%:  184-block  1
call    2 never executed
    $$$$$:  184-block  2
call    3 never executed
    %%%%%:  184-block  3
call    4 never executed
    $$$$$:  184-block  4
call    5 never executed
    %%%%%:  184-block  5
call    6 never executed
    $$$$$:  184-block  6
call    7 never executed
call    8 never executed
call    9 never executed
call   10 never executed
call   11 never executed
call   12 never executed
call   13 never executed
call   14 returned 1
call   15 returned 16
    %%%%%:  184-block  7
call   16 never executed
    $$$$$:  184-block  8
call   17 never executed
    %%%%%:  184-block  9
call   18 never executed
    $$$$$:  184-block 10
call   19 never executed
call   20 never executed
    $$$$$:  184-block 11
call   21 never executed
call   22 never executed
    $$$$$:  184-block 12
call   23 never executed
        2:  184-block 13
call   24 returned 2
    $$$$$:  184-block 14
call   25 never executed
    %%%%%:  184-block 15
call   26 never executed
    $$$$$:  184-block 16
call   27 never executed
    %%%%%:  184-block 17
call   28 never executed
    $$$$$:  184-block 18
call   29 never executed
       16:  184-block 19
call   30 returned 16
    $$$$$:  184-block 20
call   31 never executed
call   32 never executed
    %%%%%:  184-block 21
call   33 never executed
    %%%%%:  184-block 22
call   34 never executed
    $$$$$:  184-block 23
call   35 never executed
    $$$$$:  184-block 24
call   36 never executed
    $$$$$:  184-block 25
call   37 never executed
call   38 never executed
    $$$$$:  184-block 26
call   39 never executed
call   40 returned 4
    $$$$$:  184-block 27
call   41 never executed
call   42 never executed
    $$$$$:  184-block 28
call   43 never executed
call   44 returned 1
       15:  184-block 29
call   45 returned 15
       15:  184-block 30
call   46 returned 15
    $$$$$:  184-block 31
call   47 never executed
    $$$$$:  184-block 32
call   48 never executed
    $$$$$:  184-block 33
call   49 never executed
    %%%%%:  184-block 34
call   50 never executed
    $$$$$:  184-block 35
call   51 never executed
call   52 returned 15
call   53 returned 15
call   54 returned 15
    $$$$$:  184-block 36
call   55 never executed
    $$$$$:  184-block 37
call   56 never executed
    $$$$$:  184-block 38
call   57 never executed
        1:  184-block 39
call   58 returned 1
    $$$$$:  184-block 40
call   59 never executed
        1:  184-block 41
call   60 returned 1
    $$$$$:  184-block 42
call   61 never executed
call   62 never executed
    $$$$$:  184-block 43
call   63 never executed
    %%%%%:  184-block 44
call   64 never executed
call   65 never executed
call   66 never executed
call   67 never executed
    $$$$$:  184-block 45
call   68 never executed
    $$$$$:  184-block 46
call   69 never executed
    $$$$$:  184-block 47
call   70 never executed
    $$$$$:  184-block 48
call   71 never executed
    %%%%%:  184-block 49
call   72 never executed
call   73 never executed
call   74 never executed
call   75 never executed
call   76 never executed
call   77 never executed
call   78 never executed
call   79 never executed
call   80 never executed
call   81 never executed
    $$$$$:  184-block 50
call   82 never executed
    $$$$$:  184-block 51
call   83 never executed
    $$$$$:  184-block 52
call   84 never executed
    $$$$$:  184-block 53
call   85 never executed
    $$$$$:  184-block 54
call   86 never executed
    $$$$$:  184-block 55
call   87 never executed
    $$$$$:  184-block 56
call   88 never executed
    $$$$$:  184-block 57
call   89 never executed
    $$$$$:  184-block 58
call   90 never executed
    $$$$$:  184-block 59
call   91 never executed
    %%%%%:  184-block 60
call   92 never executed
call   93 never executed
call   94 never executed
call   95 never executed
call   96 never executed
call   97 never executed
call   98 never executed
call   99 never executed
call   100 never executed
    $$$$$:  184-block 61
call   101 never executed
    $$$$$:  184-block 62
call   102 never executed
    $$$$$:  184-block 63
call   103 never executed
    $$$$$:  184-block 64
call   104 never executed
    $$$$$:  184-block 65
call   105 never executed
    $$$$$:  184-block 66
call   106 never executed
    $$$$$:  184-block 67
call   107 never executed
    $$$$$:  184-block 68
call   108 never executed
    $$$$$:  184-block 69
call   109 never executed
    %%%%%:  184-block 70
call   110 never executed
call   111 never executed
call   112 never executed
call   113 never executed
call   114 never executed
call   115 never executed
call   116 never executed
call   117 never executed
call   118 never executed
call   119 never executed
call   120 never executed
call   121 never executed
call   122 never executed
call   123 never executed
call   124 never executed
call   125 never executed
call   126 never executed
call   127 never executed
    $$$$$:  184-block 71
call   128 never executed
    $$$$$:  184-block 72
call   129 never executed
    $$$$$:  184-block 73
call   130 never executed
    $$$$$:  184-block 74
call   131 never executed
    $$$$$:  184-block 75
call   132 never executed
    $$$$$:  184-block 76
call   133 never executed
    $$$$$:  184-block 77
call   134 never executed
    $$$$$:  184-block 78
call   135 never executed
    $$$$$:  184-block 79
call   136 never executed
    $$$$$:  184-block 80
call   137 never executed
    $$$$$:  184-block 81
call   138 never executed
    $$$$$:  184-block 82
call   139 never executed
    $$$$$:  184-block 83
call   140 never executed
    $$$$$:  184-block 84
call   141 never executed
    $$$$$:  184-block 85
call   142 never executed
    $$$$$:  184-block 86
call   143 never executed
    $$$$$:  184-block 87
call   144 never executed
    $$$$$:  184-block 88
call   145 never executed
call   146 never executed
call   147 never executed
call   148 never executed
call   149 never executed
call   150 never executed
call   151 never executed
call   152 never executed
call   153 never executed
call   154 never executed
call   155 never executed
call   156 never executed
call   157 never executed
call   158 never executed
call   159 never executed
call   160 never executed
call   161 never executed
call   162 never executed
call   163 never executed
call   164 never executed
call   165 never executed
call   166 never executed
call   167 never executed
call   168 never executed
call   169 never executed
call   170 never executed
call   171 never executed
call   172 never executed
call   173 never executed
call   174 never executed
call   175 never executed
call   176 never executed
call   177 never executed
call   178 never executed
    $$$$$:  184-block 89
call   179 never executed
    $$$$$:  184-block 90
call   180 never executed
    $$$$$:  184-block 91
call   181 never executed
    $$$$$:  184-block 92
call   182 never executed
    $$$$$:  184-block 93
call   183 never executed
    $$$$$:  184-block 94
call   184 never executed
    $$$$$:  184-block 95
call   185 never executed
    $$$$$:  184-block 96
call   186 never executed
    $$$$$:  184-block 97
call   187 never executed
    $$$$$:  184-block 98
call   188 never executed
    $$$$$:  184-block 99
call   189 never executed
    $$$$$:  184-block 100
call   190 never executed
    $$$$$:  184-block 101
call   191 never executed
    $$$$$:  184-block 102
call   192 never executed
    $$$$$:  184-block 103
call   193 never executed
    $$$$$:  184-block 104
call   194 never executed
    $$$$$:  184-block 105
call   195 never executed
    $$$$$:  184-block 106
call   196 never executed
    $$$$$:  184-block 107
call   197 never executed
    $$$$$:  184-block 108
call   198 never executed
    $$$$$:  184-block 109
call   199 never executed
    $$$$$:  184-block 110
call   200 never executed
    $$$$$:  184-block 111
call   201 never executed
    $$$$$:  184-block 112
call   202 never executed
    $$$$$:  184-block 113
call   203 never executed
    $$$$$:  184-block 114
call   204 never executed
    $$$$$:  184-block 115
call   205 never executed
    $$$$$:  184-block 116
call   206 never executed
    $$$$$:  184-block 117
call   207 never executed
    $$$$$:  184-block 118
call   208 never executed
    $$$$$:  184-block 119
call   209 never executed
    $$$$$:  184-block 120
call   210 never executed
    $$$$$:  184-block 121
call   211 never executed
    %%%%%:  184-block 122
call   212 never executed
    $$$$$:  184-block 123
call   213 never executed
    %%%%%:  184-block 124
call   214 never executed
    $$$$$:  184-block 125
call   215 never executed
    %%%%%:  184-block 126
call   216 never executed
    $$$$$:  184-block 127
call   217 never executed
    %%%%%:  184-block 128
call   218 never executed
    %%%%%:  184-block 129
call   219 never executed
call   220 never executed
call   221 never executed
    $$$$$:  184-block 130
call   222 never executed
    $$$$$:  184-block 131
call   223 never executed
    $$$$$:  184-block 132
call   224 never executed
    $$$$$:  184-block 133
call   225 never executed
call   226 never executed
    $$$$$:  184-block 134
call   227 never executed
    %%%%%:  184-block 135
call   228 never executed
call   229 never executed
call   230 never executed
call   231 never executed
    $$$$$:  184-block 136
call   232 never executed
    $$$$$:  184-block 137
call   233 never executed
    $$$$$:  184-block 138
call   234 never executed
    $$$$$:  184-block 139
call   235 never executed
    %%%%%:  184-block 140
call   236 never executed
call   237 never executed
call   238 never executed
call   239 never executed
call   240 never executed
call   241 never executed
call   242 never executed
call   243 never executed
call   244 never executed
call   245 never executed
call   246 never executed
    $$$$$:  184-block 141
call   247 never executed
    $$$$$:  184-block 142
call   248 never executed
    $$$$$:  184-block 143
call   249 never executed
    $$$$$:  184-block 144
call   250 never executed
    $$$$$:  184-block 145
call   251 never executed
    $$$$$:  184-block 146
call   252 never executed
    $$$$$:  184-block 147
call   253 never executed
    $$$$$:  184-block 148
call   254 never executed
    $$$$$:  184-block 149
call   255 never executed
    $$$$$:  184-block 150
call   256 never executed
    $$$$$:  184-block 151
call   257 never executed
    %%%%%:  184-block 152
call   258 never executed
call   259 never executed
call   260 never executed
call   261 never executed
call   262 never executed
call   263 never executed
call   264 never executed
call   265 never executed
call   266 never executed
call   267 never executed
call   268 never executed
    $$$$$:  184-block 153
call   269 never executed
    $$$$$:  184-block 154
call   270 never executed
    $$$$$:  184-block 155
call   271 never executed
    $$$$$:  184-block 156
call   272 never executed
    $$$$$:  184-block 157
call   273 never executed
    $$$$$:  184-block 158
call   274 never executed
    $$$$$:  184-block 159
call   275 never executed
    $$$$$:  184-block 160
call   276 never executed
    $$$$$:  184-block 161
call   277 never executed
    $$$$$:  184-block 162
call   278 never executed
    $$$$$:  184-block 163
call   279 never executed
call   280 never executed
    $$$$$:  184-block 164
call   281 never executed
    %%%%%:  184-block 165
call   282 never executed
call   283 never executed
call   284 never executed
call   285 never executed
call   286 never executed
call   287 never executed
call   288 never executed
call   289 never executed
call   290 never executed
call   291 never executed
call   292 never executed
call   293 never executed
call   294 never executed
call   295 never executed
call   296 never executed
call   297 never executed
call   298 never executed
call   299 never executed
    $$$$$:  184-block 166
call   300 never executed
    $$$$$:  184-block 167
call   301 never executed
    $$$$$:  184-block 168
call   302 never executed
    $$$$$:  184-block 169
call   303 never executed
    $$$$$:  184-block 170
call   304 never executed
    $$$$$:  184-block 171
call   305 never executed
    $$$$$:  184-block 172
call   306 never executed
    $$$$$:  184-block 173
call   307 never executed
    $$$$$:  184-block 174
call   308 never executed
    $$$$$:  184-block 175
call   309 never executed
    $$$$$:  184-block 176
call   310 never executed
    $$$$$:  184-block 177
call   311 never executed
    $$$$$:  184-block 178
call   312 never executed
    $$$$$:  184-block 179
call   313 never executed
    $$$$$:  184-block 180
call   314 never executed
    $$$$$:  184-block 181
call   315 never executed
    $$$$$:  184-block 182
call   316 never executed
    $$$$$:  184-block 183
call   317 never executed
call   318 never executed
call   319 never executed
call   320 never executed
call   321 never executed
call   322 never executed
call   323 never executed
call   324 never executed
call   325 never executed
call   326 never executed
call   327 never executed
call   328 never executed
call   329 never executed
call   330 never executed
call   331 never executed
call   332 never executed
call   333 never executed
call   334 never executed
call   335 never executed
call   336 never executed
call   337 never executed
call   338 never executed
call   339 never executed
call   340 never executed
call   341 never executed
call   342 never executed
call   343 never executed
call   344 never executed
call   345 never executed
call   346 never executed
call   347 never executed
call   348 never executed
call   349 never executed
call   350 never executed
call   351 never executed
call   352 never executed
call   353 never executed
call   354 never executed
call   355 never executed
    $$$$$:  184-block 184
call   356 never executed
    $$$$$:  184-block 185
call   357 never executed
    $$$$$:  184-block 186
call   358 never executed
    $$$$$:  184-block 187
call   359 never executed
    $$$$$:  184-block 188
call   360 never executed
    $$$$$:  184-block 189
call   361 never executed
    $$$$$:  184-block 190
call   362 never executed
    $$$$$:  184-block 191
call   363 never executed
    $$$$$:  184-block 192
call   364 never executed
    $$$$$:  184-block 193
call   365 never executed
    $$$$$:  184-block 194
call   366 never executed
    $$$$$:  184-block 195
call   367 never executed
    $$$$$:  184-block 196
call   368 never executed
    $$$$$:  184-block 197
call   369 never executed
    $$$$$:  184-block 198
call   370 never executed
    $$$$$:  184-block 199
call   371 never executed
    $$$$$:  184-block 200
call   372 never executed
    $$$$$:  184-block 201
call   373 never executed
    $$$$$:  184-block 202
call   374 never executed
    $$$$$:  184-block 203
call   375 never executed
    $$$$$:  184-block 204
call   376 never executed
    $$$$$:  184-block 205
call   377 never executed
    $$$$$:  184-block 206
call   378 never executed
    $$$$$:  184-block 207
call   379 never executed
    $$$$$:  184-block 208
call   380 never executed
    $$$$$:  184-block 209
call   381 never executed
    $$$$$:  184-block 210
call   382 never executed
    $$$$$:  184-block 211
call   383 never executed
    $$$$$:  184-block 212
call   384 never executed
    $$$$$:  184-block 213
call   385 never executed
    $$$$$:  184-block 214
call   386 never executed
    $$$$$:  184-block 215
call   387 never executed
    $$$$$:  184-block 216
call   388 never executed
    $$$$$:  184-block 217
call   389 never executed
    $$$$$:  184-block 218
call   390 never executed
    $$$$$:  184-block 219
call   391 never executed
    $$$$$:  184-block 220
call   392 never executed
    $$$$$:  184-block 221
call   393 never executed
    %%%%%:  184-block 222
call   394 never executed
    $$$$$:  184-block 223
call   395 never executed
    %%%%%:  184-block 224
call   396 never executed
    $$$$$:  184-block 225
call   397 never executed
       15:  184-block 226
call   398 returned 15
    %%%%%:  184-block 227
call   399 never executed
    $$$$$:  184-block 228
call   400 never executed
    $$$$$:  184-block 229
call   401 never executed
call   402 returned 15
call   403 returned 15
    $$$$$:  184-block 230
call   404 never executed
    $$$$$:  184-block 231
call   405 never executed
    %%%%%:  184-block 232
call   406 never executed
    %%%%%:  184-block 233
call   407 never executed
    $$$$$:  184-block 234
call   408 never executed
    $$$$$:  184-block 235
call   409 never executed
call   410 never executed
    $$$$$:  184-block 236
call   411 never executed
call   412 never executed
    $$$$$:  184-block 237
call   413 never executed
call   414 never executed
    $$$$$:  184-block 238
call   415 never executed
call   416 never executed
call   417 never executed
    $$$$$:  184-block 239
call   418 never executed
    $$$$$:  184-block 240
call   419 never executed
    %%%%%:  184-block 241
call   420 never executed
    $$$$$:  184-block 242
call   421 never executed
    %%%%%:  184-block 243
call   422 never executed
    $$$$$:  184-block 244
call   423 never executed
call   424 never executed
call   425 never executed
call   426 never executed
call   427 never executed
    $$$$$:  184-block 245
call   428 never executed
    $$$$$:  184-block 246
call   429 never executed
    $$$$$:  184-block 247
call   430 never executed
    $$$$$:  184-block 248
call   431 never executed
    %%%%%:  184-block 249
call   432 never executed
    $$$$$:  184-block 250
call   433 never executed
call   434 never executed
    $$$$$:  184-block 251
call   435 never executed
    %%%%%:  184-block 252
call   436 never executed
    $$$$$:  184-block 253
call   437 never executed
call   438 never executed
call   439 never executed
call   440 never executed
call   441 never executed
call   442 never executed
call   443 never executed
    $$$$$:  184-block 254
call   444 never executed
    $$$$$:  184-block 255
call   445 never executed
    $$$$$:  184-block 256
call   446 never executed
    $$$$$:  184-block 257
call   447 never executed
    $$$$$:  184-block 258
call   448 never executed
    $$$$$:  184-block 259
call   449 never executed
    %%%%%:  184-block 260
call   450 never executed
        1:  184-block 261
call   451 returned 1
    $$$$$:  184-block 262
call   452 never executed
    $$$$$:  184-block 263
call   453 never executed
call   454 never executed
    $$$$$:  184-block 264
call   455 never executed
call   456 never executed
    $$$$$:  184-block 265
call   457 never executed
call   458 never executed
    $$$$$:  184-block 266
call   459 never executed
call   460 never executed
    $$$$$:  184-block 267
call   461 never executed
    %%%%%:  184-block 268
call   462 never executed
        1:  184-block 269
call   463 returned 1
    $$$$$:  184-block 270
call   464 never executed
    $$$$$:  184-block 271
call   465 never executed
        1:  184-block 272
call   466 returned 1
call   467 never executed
    $$$$$:  184-block 273
call   468 never executed
    $$$$$:  184-block 274
call   469 never executed
call   470 never executed
    $$$$$:  184-block 275
call   471 never executed
    %%%%%:  184-block 276
call   472 never executed
    $$$$$:  184-block 277
call   473 never executed
    %%%%%:  184-block 278
call   474 never executed
    $$$$$:  184-block 279
call   475 never executed
        1:  184-block 280
call   476 returned 1
    $$$$$:  184-block 281
call   477 never executed
call   478 never executed
    $$$$$:  184-block 282
call   479 never executed
call   480 never executed
    $$$$$:  184-block 283
call   481 never executed
call   482 never executed
    $$$$$:  184-block 284
call   483 never executed
call   484 never executed
    $$$$$:  184-block 285
call   485 never executed
call   486 never executed
    $$$$$:  184-block 286
call   487 never executed
call   488 never executed
    $$$$$:  184-block 287
call   489 never executed
call   490 never executed
    $$$$$:  184-block 288
call   491 never executed
    %%%%%:  184-block 289
call   492 never executed
    $$$$$:  184-block 290
call   493 never executed
call   494 never executed
    $$$$$:  184-block 291
call   495 never executed
call   496 returned 1
    $$$$$:  184-block 292
call   497 never executed
call   498 never executed
call   499 never executed
call   500 never executed
call   501 never executed
call   502 never executed
call   503 never executed
call   504 never executed
call   505 never executed
    $$$$$:  184-block 293
call   506 never executed
    $$$$$:  184-block 294
call   507 never executed
    $$$$$:  184-block 295
call   508 never executed
    $$$$$:  184-block 296
call   509 never executed
    $$$$$:  184-block 297
call   510 never executed
    $$$$$:  184-block 298
call   511 never executed
    $$$$$:  184-block 299
call   512 never executed
    $$$$$:  184-block 300
call   513 never executed
call   514 never executed
call   515 never executed
call   516 never executed
    $$$$$:  184-block 301
call   517 never executed
    $$$$$:  184-block 302
call   518 never executed
    $$$$$:  184-block 303
call   519 never executed
call   520 never executed
    $$$$$:  184-block 304
call   521 never executed
call   522 never executed
    $$$$$:  184-block 305
call   523 never executed
call   524 never executed
call   525 never executed
    $$$$$:  184-block 306
call   526 never executed
    %%%%%:  184-block 307
call   527 never executed
    $$$$$:  184-block 308
call   528 never executed
        1:  184-block 309
call   529 returned 1
    $$$$$:  184-block 310
call   530 never executed
        1:  184-block 311
call   531 returned 1
        1:  184-block 312
call   532 returned 1
    $$$$$:  184-block 313
call   533 never executed
    $$$$$:  184-block 314
call   534 never executed
call   535 never executed
    $$$$$:  184-block 315
call   536 never executed
call   537 never executed
    $$$$$:  184-block 316
call   538 never executed
    %%%%%:  184-block 317
call   539 never executed
    %%%%%:  184-block 318
call   540 never executed
    $$$$$:  184-block 319
call   541 never executed
    $$$$$:  184-block 320
call   542 never executed
        1:  184-block 321
call   543 returned 1
    $$$$$:  184-block 322
call   544 never executed
        -:  185:
        -:  186:#if __cplusplus > 201703L
        -:  187:      [[nodiscard,__gnu__::__always_inline__]]
        -:  188:      constexpr _Tp*
        -:  189:      allocate(size_t __n)
        -:  190:      {
        -:  191:	if (std::__is_constant_evaluated())
        -:  192:	  {
        -:  193:	    if (__builtin_mul_overflow(__n, sizeof(_Tp), &__n))
        -:  194:	      std::__throw_bad_array_new_length();
        -:  195:	    return static_cast<_Tp*>(::operator new(__n));
        -:  196:	  }
        -:  197:
        -:  198:	return __allocator_base<_Tp>::allocate(__n, 0);
        -:  199:      }
        -:  200:
        -:  201:      [[__gnu__::__always_inline__]]
        -:  202:      constexpr void
        -:  203:      deallocate(_Tp* __p, size_t __n)
        -:  204:      {
        -:  205:	if (std::__is_constant_evaluated())
        -:  206:	  {
        -:  207:	    ::operator delete(__p);
        -:  208:	    return;
        -:  209:	  }
        -:  210:	__allocator_base<_Tp>::deallocate(__p, __n);
        -:  211:      }
        -:  212:#endif // C++20
        -:  213:
        -:  214:      friend __attribute__((__always_inline__)) _GLIBCXX20_CONSTEXPR
        -:  215:      bool
        -:  216:      operator==(const allocator&, const allocator&) _GLIBCXX_NOTHROW
    #####:  217:      { return true; }
        -:  218:
        -:  219:#if __cpp_impl_three_way_comparison < 201907L
        -:  220:      friend __attribute__((__always_inline__)) _GLIBCXX20_CONSTEXPR
        -:  221:      bool
        -:  222:      operator!=(const allocator&, const allocator&) _GLIBCXX_NOTHROW
    #####:  223:      { return false; }
        -:  224:#endif
        -:  225:
        -:  226:      // Inherit everything else.
        -:  227:    };
        -:  228:
        -:  229:  /** Equality comparison for std::allocator objects
        -:  230:   *
        -:  231:   * @return true, for all std::allocator objects.
        -:  232:   * @relates std::allocator
        -:  233:   */
        -:  234:  template<typename _T1, typename _T2>
        -:  235:    __attribute__((__always_inline__))
        -:  236:    inline _GLIBCXX20_CONSTEXPR bool
        -:  237:    operator==(const allocator<_T1>&, const allocator<_T2>&)
        -:  238:    _GLIBCXX_NOTHROW
        -:  239:    { return true; }
        -:  240:
        -:  241:#if __cpp_impl_three_way_comparison < 201907L
        -:  242:  template<typename _T1, typename _T2>
        -:  243:    __attribute__((__always_inline__))
        -:  244:    inline _GLIBCXX20_CONSTEXPR bool
        -:  245:    operator!=(const allocator<_T1>&, const allocator<_T2>&)
        -:  246:    _GLIBCXX_NOTHROW
        -:  247:    { return false; }
        -:  248:#endif
        -:  249:
        -:  250:  /// @cond undocumented
        -:  251:
        -:  252:  // Invalid allocator<cv T> partial specializations.
        -:  253:  // allocator_traits::rebind_alloc can be used to form a valid allocator type.
        -:  254:  template<typename _Tp>
        -:  255:    class allocator<const _Tp>
        -:  256:    {
        -:  257:    public:
        -:  258:      typedef _Tp value_type;
        -:  259:      template<typename _Up> allocator(const allocator<_Up>&) { }
        -:  260:    };
        -:  261:
        -:  262:  template<typename _Tp>
        -:  263:    class allocator<volatile _Tp>
        -:  264:    {
        -:  265:    public:
        -:  266:      typedef _Tp value_type;
        -:  267:      template<typename _Up> allocator(const allocator<_Up>&) { }
        -:  268:    };
        -:  269:
        -:  270:  template<typename _Tp>
        -:  271:    class allocator<const volatile _Tp>
        -:  272:    {
        -:  273:    public:
        -:  274:      typedef _Tp value_type;
        -:  275:      template<typename _Up> allocator(const allocator<_Up>&) { }
        -:  276:    };
        -:  277:  /// @endcond
        -:  278:
        -:  279:  /// @} group allocator
        -:  280:
        -:  281:  // Inhibit implicit instantiations for required instantiations,
        -:  282:  // which are defined via explicit instantiations elsewhere.
        -:  283:#if _GLIBCXX_EXTERN_TEMPLATE
        -:  284:  extern template class allocator<char>;
        -:  285:  extern template class allocator<wchar_t>;
        -:  286:#endif
        -:  287:
        -:  288:  // Undefine.
        -:  289:#undef __allocator_base
        -:  290:
        -:  291:_GLIBCXX_END_NAMESPACE_VERSION
        -:  292:} // namespace std
        -:  293:
        -:  294:#endif
